# JRE version: OpenJDK Runtime Environment Temurin-21.0.6+7 (21.0.6+7) (build 21.0.6+7-LTS)
# Java VM: OpenJDK 64-Bit Server VM Temurin-21.0.6+7 (21.0.6+7-LTS, mixed mode, emulated-client, sharing, tiered, compressed oops, compressed class ptrs, g1 gc, windows-amd64)
GC Precious Log:
 CardTable entry size: 512
 Card Set container configuration: InlinePtr #cards 5 size 8 Array Of Cards #cards 12 size 40 Howl #buckets 4 coarsen threshold 1843 Howl Bitmap #cards 512 size 80 coarsen threshold 460 Card regions per heap region 1 cards per card region 2048
 CPUs: 8 total, 8 available
 Memory: 8050M
 Large Page Support: Disabled
 NUMA Support: Disabled
 Compressed Oops: Enabled (32-bit)
 Heap Region Size: 1M
 Heap Min Capacity: 8M
 Heap Initial Capacity: 126M
 Heap Max Capacity: 2014M
 Pre-touch: Disabled
 Parallel Workers: 8
 Concurrent Workers: 2
 Concurrent Refinement Workers: 8
 Periodic GC: Disabled
Heap:
 garbage-first heap   total 58368K, used 45073K [0x0000000082200000, 0x0000000100000000)
  region size 1024K, 16 young (16384K), 2 survivors (2048K)
 Metaspace       used 65020K, committed 65728K, reserved 1114112K
  class space    used 9095K, committed 9408K, reserved 1048576K
GC Heap History (20 events):
Event: 3.402 GC heap before
{Heap before GC invocations=4 (full 0):
 garbage-first heap   total 58368K, used 45858K [0x0000000082200000, 0x0000000100000000)
  region size 1024K, 34 young (34816K), 6 survivors (6144K)
 Metaspace       used 23620K, committed 24064K, reserved 1114112K
  class space    used 3092K, committed 3264K, reserved 1048576K
}
Event: 3.409 GC heap after
{Heap after GC invocations=5 (full 0):
 garbage-first heap   total 58368K, used 19005K [0x0000000082200000, 0x0000000100000000)
  region size 1024K, 3 young (3072K), 3 survivors (3072K)
 Metaspace       used 23620K, committed 24064K, reserved 1114112K
  class space    used 3092K, committed 3264K, reserved 1048576K
}
Event: 4.095 GC heap before
{Heap before GC invocations=5 (full 0):
 garbage-first heap   total 58368K, used 43581K [0x0000000082200000, 0x0000000100000000)
  region size 1024K, 27 young (27648K), 3 survivors (3072K)
 Metaspace       used 27108K, committed 27648K, reserved 1114112K
  class space    used 3686K, committed 3968K, reserved 1048576K
}
Event: 4.099 GC heap after
{Heap after GC invocations=6 (full 0):
 garbage-first heap   total 58368K, used 20603K [0x0000000082200000, 0x0000000100000000)
  region size 1024K, 4 young (4096K), 4 survivors (4096K)
 Metaspace       used 27108K, committed 27648K, reserved 1114112K
  class space    used 3686K, committed 3968K, reserved 1048576K
}
Event: 4.659 GC heap before
{Heap before GC invocations=6 (full 0):
 garbage-first heap   total 58368K, used 46203K [0x0000000082200000, 0x0000000100000000)
  region size 1024K, 29 young (29696K), 4 survivors (4096K)
 Metaspace       used 31213K, committed 31744K, reserved 1114112K
  class space    used 4301K, committed 4544K, reserved 1048576K
}
Event: 4.665 GC heap after
{Heap after GC invocations=7 (full 0):
 garbage-first heap   total 58368K, used 23084K [0x0000000082200000, 0x0000000100000000)
  region size 1024K, 4 young (4096K), 4 survivors (4096K)
 Metaspace       used 31213K, committed 31744K, reserved 1114112K
  class space    used 4301K, committed 4544K, reserved 1048576K
}
Event: 5.177 GC heap before
{Heap before GC invocations=7 (full 0):
 garbage-first heap   total 58368K, used 47660K [0x0000000082200000, 0x0000000100000000)
  region size 1024K, 28 young (28672K), 4 survivors (4096K)
 Metaspace       used 35001K, committed 35584K, reserved 1114112K
  class space    used 4775K, committed 5056K, reserved 1048576K
}
Event: 5.182 GC heap after
{Heap after GC invocations=8 (full 0):
 garbage-first heap   total 58368K, used 25220K [0x0000000082200000, 0x0000000100000000)
  region size 1024K, 2 young (2048K), 2 survivors (2048K)
 Metaspace       used 35001K, committed 35584K, reserved 1114112K
  class space    used 4775K, committed 5056K, reserved 1048576K
}
Event: 5.243 GC heap before
{Heap before GC invocations=8 (full 0):
 garbage-first heap   total 58368K, used 27268K [0x0000000082200000, 0x0000000100000000)
  region size 1024K, 5 young (5120K), 2 survivors (2048K)
 Metaspace       used 35537K, committed 36096K, reserved 1114112K
  class space    used 4855K, committed 5120K, reserved 1048576K
}
Event: 5.246 GC heap after
{Heap after GC invocations=9 (full 0):
 garbage-first heap   total 58368K, used 25277K [0x0000000082200000, 0x0000000100000000)
  region size 1024K, 3 young (3072K), 3 survivors (3072K)
 Metaspace       used 35537K, committed 36096K, reserved 1114112K
  class space    used 4855K, committed 5120K, reserved 1048576K
}
Event: 5.791 GC heap before
{Heap before GC invocations=10 (full 0):
 garbage-first heap   total 58368K, used 48829K [0x0000000082200000, 0x0000000100000000)
  region size 1024K, 26 young (26624K), 3 survivors (3072K)
 Metaspace       used 41605K, committed 42240K, reserved 1114112K
  class space    used 5799K, committed 6080K, reserved 1048576K
}
Event: 5.794 GC heap after
{Heap after GC invocations=11 (full 0):
 garbage-first heap   total 58368K, used 26838K [0x0000000082200000, 0x0000000100000000)
  region size 1024K, 4 young (4096K), 4 survivors (4096K)
 Metaspace       used 41605K, committed 42240K, reserved 1114112K
  class space    used 5799K, committed 6080K, reserved 1048576K
}
Event: 6.923 GC heap before
{Heap before GC invocations=11 (full 0):
 garbage-first heap   total 58368K, used 48342K [0x0000000082200000, 0x0000000100000000)
  region size 1024K, 26 young (26624K), 4 survivors (4096K)
 Metaspace       used 50450K, committed 51136K, reserved 1114112K
  class space    used 6898K, committed 7168K, reserved 1048576K
}
Event: 6.929 GC heap after
{Heap after GC invocations=12 (full 0):
 garbage-first heap   total 58368K, used 28527K [0x0000000082200000, 0x0000000100000000)
  region size 1024K, 4 young (4096K), 4 survivors (4096K)
 Metaspace       used 50450K, committed 51136K, reserved 1114112K
  class space    used 6898K, committed 7168K, reserved 1048576K
}
Event: 7.520 GC heap before
{Heap before GC invocations=12 (full 0):
 garbage-first heap   total 58368K, used 49007K [0x0000000082200000, 0x0000000100000000)
  region size 1024K, 25 young (25600K), 4 survivors (4096K)
 Metaspace       used 55998K, committed 56640K, reserved 1114112K
  class space    used 7710K, committed 8000K, reserved 1048576K
}
Event: 7.525 GC heap after
{Heap after GC invocations=13 (full 0):
 garbage-first heap   total 58368K, used 30092K [0x0000000082200000, 0x0000000100000000)
  region size 1024K, 2 young (2048K), 2 survivors (2048K)
 Metaspace       used 55998K, committed 56640K, reserved 1114112K
  class space    used 7710K, committed 8000K, reserved 1048576K
}
Event: 8.046 GC heap before
{Heap before GC invocations=13 (full 0):
 garbage-first heap   total 58368K, used 50572K [0x0000000082200000, 0x0000000100000000)
  region size 1024K, 23 young (23552K), 2 survivors (2048K)
 Metaspace       used 59694K, committed 60352K, reserved 1114112K
  class space    used 8297K, committed 8576K, reserved 1048576K
}
Event: 8.050 GC heap after
{Heap after GC invocations=14 (full 0):
 garbage-first heap   total 58368K, used 30669K [0x0000000082200000, 0x0000000100000000)
  region size 1024K, 3 young (3072K), 3 survivors (3072K)
 Metaspace       used 59694K, committed 60352K, reserved 1114112K
  class space    used 8297K, committed 8576K, reserved 1048576K
}
Event: 9.956 GC heap before
{Heap before GC invocations=15 (full 0):
 garbage-first heap   total 58368K, used 50125K [0x0000000082200000, 0x0000000100000000)
  region size 1024K, 22 young (22528K), 3 survivors (3072K)
 Metaspace       used 63193K, committed 63936K, reserved 1114112K
  class space    used 8839K, committed 9152K, reserved 1048576K
}
Event: 9.959 GC heap after
{Heap after GC invocations=16 (full 0):
 garbage-first heap   total 58368K, used 31761K [0x0000000082200000, 0x0000000100000000)
  region size 1024K, 2 young (2048K), 2 survivors (2048K)
 Metaspace       used 63193K, committed 63936K, reserved 1114112K
  class space    used 8839K, committed 9152K, reserved 1048576K
}

